<?xml version="1.0" encoding="utf-8"?><testsuites name="pytest tests"><testsuite name="pytest" errors="0" failures="2" skipped="0" tests="67" time="89.278" timestamp="2026-07-21T13:12:27.932483+02:00" hostname="YoussefPC"><testcase classname="tests.test_auth" name="test_register_success" time="0.469" /><testcase classname="tests.test_auth" name="test_register_duplicate_email_rejected" time="0.292" /><testcase classname="tests.test_auth" name="test_register_invalid_role_rejected" time="0.006" /><testcase classname="tests.test_auth" name="test_login_success" time="0.591" /><testcase classname="tests.test_auth" name="test_login_wrong_password_rejected" time="0.558" /><testcase classname="tests.test_auth" name="test_login_nonexistent_user_rejected" time="0.011" /><testcase classname="tests.test_auth" name="test_protected_route_requires_token" time="0.011" /><testcase classname="tests.test_auth" name="test_protected_route_works_with_valid_token" time="0.571" /><testcase classname="tests.test_claims" name="test_admin_can_create_claim" time="1.133" /><testcase classname="tests.test_claims" name="test_gestionnaire_can_create_claim" time="1.125" /><testcase classname="tests.test_claims" name="test_lecteur_cannot_create_claim" time="0.569" /><testcase classname="tests.test_claims" name="test_create_claim_rejects_non_lecteur_owner" time="1.390" /><testcase classname="tests.test_claims" name="test_create_claim_rejects_nonexistent_user" time="0.559" /><testcase classname="tests.test_claims" name="test_create_claim_rejects_duplicate_claim_number" time="1.137" /><testcase classname="tests.test_claims" name="test_lecteur_sees_only_own_claims" time="1.681" /><testcase classname="tests.test_claims" name="test_admin_sees_all_claims" time="1.704" /><testcase classname="tests.test_claims" name="test_lecteur_cannot_view_others_claim_detail" time="1.687" /><testcase classname="tests.test_claims" name="test_lecteur_can_view_own_claim_detail" time="1.151" /><testcase classname="tests.test_claims" name="test_get_nonexistent_claim_returns_404" time="0.557" /><testcase classname="tests.test_claims" name="test_lecteur_cannot_update_claim" time="1.121" /><testcase classname="tests.test_claims" name="test_only_admin_can_delete_claim" time="1.711" /><testcase classname="tests.test_claims" name="test_filter_claims_by_status" time="1.146" /><testcase classname="tests.test_claims" name="test_filter_claims_by_type" time="1.146" /><testcase classname="tests.test_claims" name="test_admin_can_update_claim_success" time="1.169" /><testcase classname="tests.test_claims" name="test_update_claim_rejects_duplicate_claim_number" time="1.139" /><testcase classname="tests.test_claims" name="test_update_claim_rejects_nonexistent_user" time="1.126" /><testcase classname="tests.test_claims" name="test_update_nonexistent_claim_404" time="1.118" /><testcase classname="tests.test_claims" name="test_delete_claim_cascades_to_documents" time="1.168" /><testcase classname="tests.test_completeness" name="test_completeness_score_auto_all_present" time="1.187" /><testcase classname="tests.test_completeness" name="test_completeness_score_auto_partial" time="1.163" /><testcase classname="tests.test_completeness" name="test_low_confidence_classification_not_counted" time="1.145" /><testcase classname="tests.test_completeness" name="test_manual_review_overrides_low_confidence" time="1.166" /><testcase classname="tests.test_completeness" name="test_completeness_recalculates_after_document_delete" time="1.216" /><testcase classname="tests.test_completeness" name="test_unknown_claim_type_scores_zero" time="1.166" /><testcase classname="tests.test_completeness" name="test_completeness_recomputes_when_claim_type_changes" time="1.184" /><testcase classname="tests.test_documents" name="test_upload_success" time="2.563" /><testcase classname="tests.test_documents" name="test_upload_rejects_bad_extension" time="1.129" /><testcase classname="tests.test_documents" name="test_upload_rejects_nonexistent_claim" time="0.589" /><testcase classname="tests.test_documents" name="test_upload_rejects_oversized_file" time="1.139" /><testcase classname="tests.test_documents" name="test_lecteur_can_upload_to_own_claim" time="2.976" /><testcase classname="tests.test_documents" name="test_lecteur_cannot_upload_to_others_claim" time="1.699" /><testcase classname="tests.test_documents" name="test_lecteur_sees_only_own_documents" time="6.234" /><testcase classname="tests.test_documents" name="test_admin_sees_all_documents" time="6.821" /><testcase classname="tests.test_documents" name="test_ocr_runs_and_saves_text" time="1.182" /><testcase classname="tests.test_documents" name="test_ocr_requires_admin_or_gestionnaire" time="3.365" /><testcase classname="tests.test_documents" name="test_ocr_nonexistent_document_404" time="0.594" /><testcase classname="tests.test_documents" name="test_classify_requires_ocr_first" time="3.389" /><testcase classname="tests.test_documents" name="test_classify_success" time="1.207" /><testcase classname="tests.test_documents" name="test_manual_review_updates_and_flags_document" time="1.202"><failure message="assert 404 == 200&#10; +  where 404 = &lt;Response [404 Not Found]&gt;.status_code">client = &lt;starlette.testclient.TestClient object at 0x0000021BDB595E10&gt;
monkeypatch = &lt;_pytest.monkeypatch.MonkeyPatch object at 0x0000021BD9F24050&gt;

    def test_manual_review_updates_and_flags_document(client, monkeypatch):
        import main
        monkeypatch.setattr(main, "extract_text", lambda path, ext: "raw")
        monkeypatch.setattr(main, "clean_ocr_text", lambda text: "cleaned")
        monkeypatch.setattr(main, "extract_fields", lambda text: {})
    
        admin_token = make_admin(client)
        _, lecteur_id = make_lecteur(client)
        claim = create_claim(client, admin_token, user_id=lecteur_id).json()
        doc = client.post("/documents/upload", data={"claim_id": str(claim["id"])}, files=fake_file(), headers=auth_headers(admin_token)).json()
        client.post(f"/documents/{doc['id']}/ocr", headers=auth_headers(admin_token))
    
        response = client.patch(
            f"/documents/{doc['id']}/review",
            json={"document_type": "carte_grise", "ocr_text": "corrected text"},
            headers=auth_headers(admin_token),
        )
&gt;       assert response.status_code == 200
E       assert 404 == 200
E        +  where 404 = &lt;Response [404 Not Found]&gt;.status_code

tests\test_documents.py:225: AssertionError</failure></testcase><testcase classname="tests.test_documents" name="test_documents_types_endpoint_returns_known_classes" time="0.595" /><testcase classname="tests.test_documents" name="test_get_document_file_success" time="1.187" /><testcase classname="tests.test_documents" name="test_get_document_file_lecteur_forbidden_for_others_claim" time="1.767" /><testcase classname="tests.test_documents" name="test_update_document_flags_manual_review" time="1.204" /><testcase classname="tests.test_documents" name="test_lecteur_sees_only_own_documents_via_list" time="1.797" /><testcase classname="tests.test_documents" name="test_classify_requires_admin_or_gestionnaire" time="1.182" /><testcase classname="tests.test_documents" name="test_review_requires_admin_or_gestionnaire" time="1.162"><failure message="assert 404 == 403&#10; +  where 404 = &lt;Response [404 Not Found]&gt;.status_code">client = &lt;starlette.testclient.TestClient object at 0x0000021BDB596E00&gt;
monkeypatch = &lt;_pytest.monkeypatch.MonkeyPatch object at 0x0000021BDB7927B0&gt;

    def test_review_requires_admin_or_gestionnaire(client, monkeypatch):
        admin_token = make_admin(client)
        lecteur_token, lecteur_id = make_lecteur(client)
        claim = create_claim(client, admin_token, user_id=lecteur_id).json()
        doc = upload_with_type(client, admin_token, claim["id"], monkeypatch, "facture").json()
    
        response = client.patch(
            f"/documents/{doc['id']}/review",
            json={"document_type": "devis"},
            headers=auth_headers(lecteur_token),
        )
&gt;       assert response.status_code == 403
E       assert 404 == 403
E        +  where 404 = &lt;Response [404 Not Found]&gt;.status_code

tests\test_documents.py:315: AssertionError</failure></testcase><testcase classname="tests.test_documents" name="test_get_document_nonexistent_404" time="0.586" /><testcase classname="tests.test_documents" name="test_get_document_file_nonexistent_404" time="0.581" /><testcase classname="tests.test_documents" name="test_get_document_file_missing_on_disk_404" time="1.159" /><testcase classname="tests.test_documents" name="test_list_documents_filtered_by_claim_id" time="1.168" /><testcase classname="tests.test_documents" name="test_delete_document_requires_admin" time="1.719" /><testcase classname="tests.test_users" name="test_admin_can_create_user" time="0.837" /><testcase classname="tests.test_users" name="test_non_admin_cannot_create_user" time="0.551" /><testcase classname="tests.test_users" name="test_admin_can_update_user_email" time="1.125" /><testcase classname="tests.test_users" name="test_update_user_rejects_duplicate_email" time="1.672" /><testcase classname="tests.test_users" name="test_admin_can_delete_user" time="1.143" /><testcase classname="tests.test_users" name="test_list_users_filtered_by_role" time="1.138" /></testsuite></testsuites>